<?xml version="1.0" encoding="UTF-8"?>
<!-- Generated by org.testng.reporters.JUnitReportReporter -->
<testsuite skipped="0" hostname="BCHOPT-NW100176" name="TermsAndConditionsTest" tests="1" failures="0" timestamp="19 Mar 2018 16:56:29 GMT" time="10.438" errors="0">
  <testcase name="TermsAndConditionsTest" time="10.438" classname="TermsAndConditionsTest"/>
</testsuite> <!-- TermsAndConditionsTest -->
