<?xml version="1.0" encoding="UTF-8"?>
<!-- Generated by org.testng.reporters.JUnitReportReporter -->
<testsuite skipped="0" hostname="BCHOPT-NW100176" name="AddWaterTodayTest" tests="3" failures="0" timestamp="19 Mar 2018 16:56:29 GMT" time="37.978" errors="0">
  <testcase name="negativeLoginTest" time="10.094" classname="AddWaterTodayTest"/>
  <testcase name="positiveLoginTest" time="14.663" classname="AddWaterTodayTest"/>
  <testcase name="AddWaterTest" time="13.221" classname="AddWaterTodayTest"/>
</testsuite> <!-- AddWaterTodayTest -->
