<?xml version="1.0" encoding="UTF-8"?>
<!-- Generated by org.testng.reporters.JUnitReportReporter -->
<testsuite skipped="0" hostname="BCHOPT-NW100176" name="AddMealTodayTest" tests="3" failures="0" timestamp="19 Mar 2018 16:56:29 GMT" time="39.676" errors="0">
  <testcase name="negativeLoginTest" time="10.133" classname="AddMealTodayTest"/>
  <testcase name="positiveLoginTest" time="14.643" classname="AddMealTodayTest"/>
  <testcase name="AddMealTest" time="14.900" classname="AddMealTodayTest"/>
</testsuite> <!-- AddMealTodayTest -->
