<?xml version="1.0" encoding="UTF-8"?>
<!-- Generated by org.testng.reporters.JUnitReportReporter -->
<testsuite skipped="0" hostname="BCHOPT-NW100176" name="RegisterTest" tests="1" failures="0" timestamp="19 Mar 2018 16:56:29 GMT" time="63.476" errors="0">
  <testcase name="RegisterTest" time="63.476" classname="RegisterTest"/>
</testsuite> <!-- RegisterTest -->
