<?xml version="1.0" encoding="UTF-8"?>
<!-- Generated by org.testng.reporters.JUnitReportReporter -->
<testsuite skipped="0" hostname="BCHOPT-NW100176" name="AddExerciseTest" tests="3" failures="0" timestamp="19 Mar 2018 16:56:29 GMT" time="49.585" errors="0">
  <testcase name="negativeLoginTest" time="12.279" classname="AddExerciseTest"/>
  <testcase name="positiveLoginTest" time="14.689" classname="AddExerciseTest"/>
  <testcase name="AddExerciseTest" time="22.617" classname="AddExerciseTest"/>
</testsuite> <!-- AddExerciseTest -->
