<?xml version="1.0" encoding="UTF-8"?>
<!-- Generated by org.testng.reporters.JUnitReportReporter -->
<testsuite skipped="0" hostname="BCHOPT-NW100176" name="LoginTest" tests="2" failures="0" timestamp="19 Mar 2018 16:56:29 GMT" time="24.933" errors="0">
  <testcase name="negativeLoginTest" time="10.033" classname="LoginTest"/>
  <testcase name="positiveLoginTest" time="14.900" classname="LoginTest"/>
</testsuite> <!-- LoginTest -->
