<?xml version="1.0" encoding="UTF-8"?>
<!-- Generated by org.testng.reporters.JUnitReportReporter -->
<testsuite skipped="1" hostname="BCHOPT-NW100176" name="RegisterUsedEmailTest" tests="2" failures="0" timestamp="19 Mar 2018 16:56:29 GMT" time="35.545" errors="0">
  <testcase name="RegisterUsedEmailTest" time="16.652" classname="RegisterUsedEmailTest"/>
  <testcase name="RegisterUsedEmailTest" time="18.893" classname="RegisterUsedEmailTest">
    <skipped/>
  </testcase> <!-- RegisterUsedEmailTest -->
</testsuite> <!-- RegisterUsedEmailTest -->
