<?xml version="1.0" encoding="UTF-8"?>
<!-- Generated by org.testng.reporters.JUnitReportReporter -->
<testsuite skipped="0" hostname="BCHOPT-NW100176" name="CreateProgramTest" tests="2" failures="0" timestamp="19 Mar 2018 16:56:29 GMT" time="138.304" errors="0">
  <testcase name="RegisterTest" time="67.771" classname="CreateProgramTest"/>
  <testcase name="CreateProgramTest" time="70.533" classname="CreateProgramTest"/>
</testsuite> <!-- CreateProgramTest -->
