<?xml version="1.0" encoding="UTF-8"?>
<!-- Generated by org.testng.reporters.JUnitReportReporter -->
<testsuite skipped="0" hostname="BCHOPT-NW100176" name="CreateForumPostTest" tests="2" failures="0" timestamp="19 Mar 2018 16:56:29 GMT" time="121.033" errors="0">
  <testcase name="RegisterTest" time="64.100" classname="CreateForumPostTest"/>
  <testcase name="CreateForumPost" time="56.933" classname="CreateForumPostTest"/>
</testsuite> <!-- CreateForumPostTest -->
